<?xml version="1.0" encoding="UTF-8"?>
<!-- Generated by org.testng.reporters.JUnitXMLReporter -->
<testsuite hostname="yasser-Lenovo-Z51-70" ignored="0" name="Default test" tests="4" failures="0" timestamp="22 May 2017 19:17:18 GMT" time="0.056" errors="0">
  <testcase name="GivenConfigFieWhenStartThenLoadIt" time="0.009" classname="com.systemActor.ActorSystemSpec"/>
  <testcase name="WhenAddMessageFileThenNotifyScanner" time="0.008" classname="com.systemActor.ActorSystemSpec"/>
  <testcase name="whenPathNotFoundThenCreateIt" time="0.004" classname="com.systemActor.ActorSystemSpec"/>
  <testcase name="whenSystemUpThenActorsMustBeRunning" time="0.004" classname="com.systemActor.ActorSystemSpec"/>
</testsuite> <!-- Default test -->
